c:\users\aayus\documents\job applications\ninja kiwi test\classic breakout\classic breakout\debug\vc142.pdb
c:\users\aayus\documents\job applications\ninja kiwi test\classic breakout\classic breakout\debug\vc142.idb
c:\users\aayus\documents\job applications\ninja kiwi test\classic breakout\classic breakout\debug\paddle.obj
c:\users\aayus\documents\job applications\ninja kiwi test\classic breakout\classic breakout\debug\gameobject.obj
c:\users\aayus\documents\job applications\ninja kiwi test\classic breakout\classic breakout\debug\brick.obj
c:\users\aayus\documents\job applications\ninja kiwi test\classic breakout\classic breakout\debug\board.obj
c:\users\aayus\documents\job applications\ninja kiwi test\classic breakout\classic breakout\debug\ball.obj
c:\users\aayus\documents\job applications\ninja kiwi test\classic breakout\classic breakout\debug\main.obj
c:\users\aayus\documents\job applications\ninja kiwi test\classic breakout\classic breakout\debug\game.obj
c:\users\aayus\documents\job applications\ninja kiwi test\classic breakout\debug\classic breakout.exe
c:\users\aayus\documents\job applications\ninja kiwi test\classic breakout\debug\classic breakout.ilk
c:\users\aayus\documents\job applications\ninja kiwi test\classic breakout\debug\classic breakout.pdb
c:\users\aayus\documents\job applications\ninja kiwi test\classic breakout\classic breakout\debug\ball.nativecodeanalysis.xml
c:\users\aayus\documents\job applications\ninja kiwi test\classic breakout\classic breakout\debug\board.nativecodeanalysis.xml
c:\users\aayus\documents\job applications\ninja kiwi test\classic breakout\classic breakout\debug\brick.nativecodeanalysis.xml
c:\users\aayus\documents\job applications\ninja kiwi test\classic breakout\classic breakout\debug\game.nativecodeanalysis.xml
c:\users\aayus\documents\job applications\ninja kiwi test\classic breakout\classic breakout\debug\gameobject.nativecodeanalysis.xml
c:\users\aayus\documents\job applications\ninja kiwi test\classic breakout\classic breakout\debug\main.nativecodeanalysis.xml
c:\users\aayus\documents\job applications\ninja kiwi test\classic breakout\classic breakout\debug\paddle.nativecodeanalysis.xml
c:\users\aayus\documents\job applications\ninja kiwi test\classic breakout\classic breakout\debug\vc.nativecodeanalysis.all.xml
c:\users\aayus\documents\job applications\ninja kiwi test\classic breakout\classic breakout\debug\classic breakout.tlog\cl.command.1.tlog
c:\users\aayus\documents\job applications\ninja kiwi test\classic breakout\classic breakout\debug\classic breakout.tlog\cl.read.1.tlog
c:\users\aayus\documents\job applications\ninja kiwi test\classic breakout\classic breakout\debug\classic breakout.tlog\cl.write.1.tlog
c:\users\aayus\documents\job applications\ninja kiwi test\classic breakout\classic breakout\debug\classic breakout.tlog\link.command.1.tlog
c:\users\aayus\documents\job applications\ninja kiwi test\classic breakout\classic breakout\debug\classic breakout.tlog\link.read.1.tlog
c:\users\aayus\documents\job applications\ninja kiwi test\classic breakout\classic breakout\debug\classic breakout.tlog\link.write.1.tlog
